   ▲ Next.js 15.3.3
   - Environments: .env

   Creating an optimized production build ...
 ✓ Compiled successfully in 3.0s
   Linting and checking validity of types ...

Failed to compile.

./src/app/(shopping)/products/[slug]/page.tsx
233:6  Warning: React Hook useEffect has a missing dependency: 'product'. Either include it or remove the dependency array.  react-hooks/exhaustive-deps

./src/components/product/ShippingModal.tsx
112:59  Error: Unexpected any. Specify a different type.  @typescript-eslint/no-explicit-any
124:59  Error: Unexpected any. Specify a different type.  @typescript-eslint/no-explicit-any
137:57  Error: Unexpected any. Specify a different type.  @typescript-eslint/no-explicit-any
149:57  Error: Unexpected any. Specify a different type.  @typescript-eslint/no-explicit-any
160:63  Error: Unexpected any. Specify a different type.  @typescript-eslint/no-explicit-any
169:65  Error: Unexpected any. Specify a different type.  @typescript-eslint/no-explicit-any
180:57  Error: Unexpected any. Specify a different type.  @typescript-eslint/no-explicit-any
190:57  Error: Unexpected any. Specify a different type.  @typescript-eslint/no-explicit-any

./src/components/profile/ReferralEarnings.tsx
215:3  Warning: Unused eslint-disable directive (no problems were reported from 'react-hooks/exhaustive-deps').
238:6  Warning: React Hook useEffect has a missing dependency: 'affiliateLinksLoading'. Either include it or remove the dependency array.  react-hooks/exhaustive-deps

info  - Need to disable some ESLint rules? Learn more here: https://nextjs.org/docs/app/api-reference/config/eslint#disabling-rules
